<?xml version="1.0" encoding="UTF-8"?>
<!-- Generated by org.testng.reporters.JUnitReportReporter -->
<testsuite hostname="INPNR-CRTY593" failures="0" tests="1" name="qTrip.Tests.TestCase03" time="25.934" errors="0" timestamp="2023-03-04T20:38:45 IST" skipped="0">
  <testcase classname="qTrip.Tests.TestCase03" name="testCase03" time="25.934"/>
  <system-out/>
</testsuite> <!-- qTrip.Tests.TestCase03 -->
