<?xml version="1.0" encoding="UTF-8"?>
<!-- Generated by org.testng.reporters.JUnitReportReporter -->
<testsuite hostname="INPNR-CRTY593" failures="0" tests="1" name="qTrip.Tests.TestCase02" time="11.486" errors="0" timestamp="2023-02-22T15:59:40 IST" skipped="0">
  <testcase classname="qTrip.Tests.TestCase02" name="testCase02" time="11.486"/>
  <system-out/>
</testsuite> <!-- qTrip.Tests.TestCase02 -->
