<?xml version="1.0" encoding="UTF-8"?>
<!-- Generated by org.testng.reporters.JUnitReportReporter -->
<testsuite hostname="INPNR-CRTY593" failures="0" tests="1" name="qTrip.Tests.TestCase04" time="63.123" errors="0" timestamp="2023-02-22T15:59:40 IST" skipped="0">
  <testcase classname="qTrip.Tests.TestCase04" name="testCase04" time="63.123"/>
  <system-out/>
</testsuite> <!-- qTrip.Tests.TestCase04 -->
