<?xml version="1.0" encoding="UTF-8"?>
<!-- Generated by org.testng.reporters.JUnitReportReporter -->
<testsuite hostname="INPNR-CRTY593" failures="0" tests="1" name="qTrip.Tests.TestCase01" time="7.494" errors="0" timestamp="2023-03-04T14:24:54 IST" skipped="0">
  <testcase classname="qTrip.Tests.TestCase01" name="testCase01" time="7.494"/>
  <system-out/>
</testsuite> <!-- qTrip.Tests.TestCase01 -->
