<?xml version="1.0" encoding="UTF-8"?>
<!-- Generated by org.testng.reporters.JUnitReportReporter -->
<testsuite hostname="INPNR-CRTY593" failures="0" tests="1" name="amazon.Tests.TestCase01" time="2.213" errors="0" timestamp="2022-12-04T12:35:09 IST" skipped="0">
  <testcase classname="amazon.Tests.TestCase01" name="userCreation" time="2.213"/>
  <system-out/>
</testsuite> <!-- amazon.Tests.TestCase01 -->
