<?xml version="1.0" encoding="UTF-8"?>
<testsuite name="qTrip.Tests.TestCase04" tests="1" skipped="0" failures="0" errors="0" timestamp="2023-03-04T15:07:38" hostname="INPNR-CRTY593" time="66.372">
  <properties/>
  <testcase name="testCase04" classname="qTrip.Tests.TestCase04" time="66.372"/>
  <system-out><![CDATA[TC01 - User registration PASSED !!
TC01 - User login PASSED !!
TC02 - VERIFICATION - city search PASSED !!!
TC02 - VERIFICATION - city search PASSED !!!
TC02 - VERIFICATION - city search PASSED !!!
TC02 - VERIFICATION - city search PASSED !!!
TC02 - VERIFICATION - city search PASSED !!!
]]></system-out>
  <system-err><![CDATA[]]></system-err>
</testsuite>
