<?xml version="1.0" encoding="UTF-8"?>
<testsuite name="qTrip.Tests.TestCase03" tests="1" skipped="0" failures="0" errors="0" timestamp="2023-03-04T15:07:12" hostname="INPNR-CRTY593" time="25.934">
  <properties/>
  <testcase name="testCase03" classname="qTrip.Tests.TestCase03" time="25.934"/>
  <system-out><![CDATA[TC01 - User registration PASSED !!
TC01 - User login PASSED !!
TC02 - VERIFICATION - city search PASSED !!!
ID count: 1
Count before cancellation: 1
Count after cancellation: 0
]]></system-out>
  <system-err><![CDATA[]]></system-err>
</testsuite>
